{"C:\\Users\\Harris\\futureproof\\LAP3\\music_app\\src\\actions\\index.js": {"path":"C:\\Users\\Harris\\futureproof\\LAP3\\music_app\\src\\actions\\index.js","statementMap":{"0":{"start":{"line":1,"column":17},"end":{"line":14,"column":1}},"1":{"start":{"line":3,"column":4},"end":{"line":13,"column":5}}},"fnMap":{"0":{"name":"(anonymous_0)","decl":{"start":{"line":1,"column":17},"end":{"line":1,"column":18}},"loc":{"start":{"line":1,"column":22},"end":{"line":14,"column":1}},"line":1}},"branchMap":{},"s":{"0":2,"1":0},"f":{"0":0},"b":{},"_coverageSchema":"1a1c01bbd47fc00a2c39e90264f33305004495a9","hash":"756b0875c610c4dfe40218ab5fd1b996e07fa4fa"}
,"C:\\Users\\Harris\\futureproof\\LAP3\\music_app\\src\\components\\index.js": {"path":"C:\\Users\\Harris\\futureproof\\LAP3\\music_app\\src\\components\\index.js","statementMap":{},"fnMap":{},"branchMap":{},"s":{},"f":{},"b":{},"_coverageSchema":"1a1c01bbd47fc00a2c39e90264f33305004495a9","hash":"591f49c337d5bc7a66dcfa4e43cd5e94da5e8bcf"}
,"C:\\Users\\Harris\\futureproof\\LAP3\\music_app\\src\\components\\Album\\index.js": {"path":"C:\\Users\\Harris\\futureproof\\LAP3\\music_app\\src\\components\\Album\\index.js","statementMap":{"0":{"start":{"line":5,"column":14},"end":{"line":18,"column":1}},"1":{"start":{"line":7,"column":20},"end":{"line":7,"column":38}},"2":{"start":{"line":9,"column":4},"end":{"line":17,"column":5}}},"fnMap":{"0":{"name":"(anonymous_0)","decl":{"start":{"line":5,"column":14},"end":{"line":5,"column":15}},"loc":{"start":{"line":5,"column":35},"end":{"line":18,"column":1}},"line":5}},"branchMap":{},"s":{"0":2,"1":12,"2":12},"f":{"0":12},"b":{},"_coverageSchema":"1a1c01bbd47fc00a2c39e90264f33305004495a9","hash":"cb7c5b337d656fc450e68d42780cce0c0edca2c3"}
,"C:\\Users\\Harris\\futureproof\\LAP3\\music_app\\src\\components\\AlbumTable\\index.js": {"path":"C:\\Users\\Harris\\futureproof\\LAP3\\music_app\\src\\components\\AlbumTable\\index.js","statementMap":{"0":{"start":{"line":8,"column":19},"end":{"line":54,"column":1}},"1":{"start":{"line":10,"column":25},"end":{"line":10,"column":60}},"2":{"start":{"line":10,"column":46},"end":{"line":10,"column":59}},"3":{"start":{"line":12,"column":46},"end":{"line":12,"column":56}},"4":{"start":{"line":13,"column":46},"end":{"line":13,"column":56}},"5":{"start":{"line":15,"column":4},"end":{"line":20,"column":23}},"6":{"start":{"line":16,"column":29},"end":{"line":18,"column":9}},"7":{"start":{"line":17,"column":12},"end":{"line":17,"column":123}},"8":{"start":{"line":17,"column":45},"end":{"line":17,"column":122}},"9":{"start":{"line":19,"column":8},"end":{"line":19,"column":38}},"10":{"start":{"line":22,"column":21},"end":{"line":22,"column":34}},"11":{"start":{"line":24,"column":25},"end":{"line":29,"column":5}},"12":{"start":{"line":25,"column":8},"end":{"line":25,"column":26}},"13":{"start":{"line":26,"column":8},"end":{"line":26,"column":27}},"14":{"start":{"line":27,"column":8},"end":{"line":27,"column":37}},"15":{"start":{"line":27,"column":24},"end":{"line":27,"column":35}},"16":{"start":{"line":28,"column":8},"end":{"line":28,"column":24}},"17":{"start":{"line":31,"column":4},"end":{"line":53,"column":5}}},"fnMap":{"0":{"name":"(anonymous_0)","decl":{"start":{"line":8,"column":19},"end":{"line":8,"column":20}},"loc":{"start":{"line":8,"column":35},"end":{"line":54,"column":1}},"line":8},"1":{"name":"(anonymous_1)","decl":{"start":{"line":10,"column":37},"end":{"line":10,"column":38}},"loc":{"start":{"line":10,"column":46},"end":{"line":10,"column":59}},"line":10},"2":{"name":"(anonymous_2)","decl":{"start":{"line":15,"column":14},"end":{"line":15,"column":15}},"loc":{"start":{"line":15,"column":20},"end":{"line":20,"column":5}},"line":15},"3":{"name":"(anonymous_3)","decl":{"start":{"line":16,"column":29},"end":{"line":16,"column":30}},"loc":{"start":{"line":16,"column":35},"end":{"line":18,"column":9}},"line":16},"4":{"name":"(anonymous_4)","decl":{"start":{"line":17,"column":36},"end":{"line":17,"column":37}},"loc":{"start":{"line":17,"column":45},"end":{"line":17,"column":122}},"line":17},"5":{"name":"(anonymous_5)","decl":{"start":{"line":24,"column":25},"end":{"line":24,"column":26}},"loc":{"start":{"line":24,"column":30},"end":{"line":29,"column":5}},"line":24},"6":{"name":"(anonymous_6)","decl":{"start":{"line":27,"column":17},"end":{"line":27,"column":18}},"loc":{"start":{"line":27,"column":24},"end":{"line":27,"column":35}},"line":27}},"branchMap":{},"s":{"0":2,"1":6,"2":0,"3":6,"4":6,"5":6,"6":3,"7":3,"8":9,"9":3,"10":6,"11":6,"12":1,"13":1,"14":1,"15":0,"16":1,"17":6},"f":{"0":6,"1":0,"2":3,"3":3,"4":9,"5":1,"6":0},"b":{},"_coverageSchema":"1a1c01bbd47fc00a2c39e90264f33305004495a9","hash":"5cbd517ca4782f124d3485d93cd3e2b5f96edf7e"}
,"C:\\Users\\Harris\\futureproof\\LAP3\\music_app\\src\\components\\Artist\\index.js": {"path":"C:\\Users\\Harris\\futureproof\\LAP3\\music_app\\src\\components\\Artist\\index.js","statementMap":{"0":{"start":{"line":3,"column":15},"end":{"line":12,"column":1}},"1":{"start":{"line":4,"column":4},"end":{"line":11,"column":5}}},"fnMap":{"0":{"name":"(anonymous_0)","decl":{"start":{"line":3,"column":15},"end":{"line":3,"column":16}},"loc":{"start":{"line":3,"column":26},"end":{"line":12,"column":1}},"line":3}},"branchMap":{},"s":{"0":2,"1":0},"f":{"0":0},"b":{},"_coverageSchema":"1a1c01bbd47fc00a2c39e90264f33305004495a9","hash":"8634a6a9150c5d1946a25952b54245be9d588d82"}
,"C:\\Users\\Harris\\futureproof\\LAP3\\music_app\\src\\components\\BackButton\\index.js": {"path":"C:\\Users\\Harris\\futureproof\\LAP3\\music_app\\src\\components\\BackButton\\index.js","statementMap":{"0":{"start":{"line":4,"column":19},"end":{"line":8,"column":1}},"1":{"start":{"line":6,"column":20},"end":{"line":6,"column":32}},"2":{"start":{"line":7,"column":4},"end":{"line":7,"column":77}}},"fnMap":{"0":{"name":"(anonymous_0)","decl":{"start":{"line":4,"column":19},"end":{"line":4,"column":20}},"loc":{"start":{"line":4,"column":25},"end":{"line":8,"column":1}},"line":4}},"branchMap":{},"s":{"0":3,"1":1,"2":1},"f":{"0":1},"b":{},"_coverageSchema":"1a1c01bbd47fc00a2c39e90264f33305004495a9","hash":"65b3f9cc0a07f506cedbaeb9229f4e82e7b3338d"}
,"C:\\Users\\Harris\\futureproof\\LAP3\\music_app\\src\\components\\LikeButton\\index.js": {"path":"C:\\Users\\Harris\\futureproof\\LAP3\\music_app\\src\\components\\LikeButton\\index.js","statementMap":{"0":{"start":{"line":3,"column":19},"end":{"line":15,"column":1}},"1":{"start":{"line":6,"column":40},"end":{"line":6,"column":57}},"2":{"start":{"line":7,"column":18},"end":{"line":7,"column":39}},"3":{"start":{"line":9,"column":29},"end":{"line":11,"column":5}},"4":{"start":{"line":10,"column":8},"end":{"line":10,"column":70}},"5":{"start":{"line":10,"column":34},"end":{"line":10,"column":69}},"6":{"start":{"line":14,"column":4},"end":{"line":14,"column":79}}},"fnMap":{"0":{"name":"(anonymous_0)","decl":{"start":{"line":3,"column":19},"end":{"line":3,"column":20}},"loc":{"start":{"line":3,"column":25},"end":{"line":15,"column":1}},"line":3},"1":{"name":"(anonymous_1)","decl":{"start":{"line":9,"column":29},"end":{"line":9,"column":30}},"loc":{"start":{"line":9,"column":35},"end":{"line":11,"column":5}},"line":9},"2":{"name":"(anonymous_2)","decl":{"start":{"line":10,"column":22},"end":{"line":10,"column":23}},"loc":{"start":{"line":10,"column":34},"end":{"line":10,"column":69}},"line":10}},"branchMap":{"0":{"loc":{"start":{"line":10,"column":34},"end":{"line":10,"column":69}},"type":"cond-expr","locations":[{"start":{"line":10,"column":54},"end":{"line":10,"column":61}},{"start":{"line":10,"column":64},"end":{"line":10,"column":69}}],"line":10}},"s":{"0":2,"1":12,"2":12,"3":12,"4":0,"5":0,"6":12},"f":{"0":12,"1":0,"2":0},"b":{"0":[0,0]},"_coverageSchema":"1a1c01bbd47fc00a2c39e90264f33305004495a9","hash":"21028c4a6629f931b8be711de32f93cd4b907e00"}
,"C:\\Users\\Harris\\futureproof\\LAP3\\music_app\\src\\components\\NewAlbumForm\\index.js": {"path":"C:\\Users\\Harris\\futureproof\\LAP3\\music_app\\src\\components\\NewAlbumForm\\index.js","statementMap":{"0":{"start":{"line":3,"column":21},"end":{"line":13,"column":1}},"1":{"start":{"line":5,"column":4},"end":{"line":12,"column":5}}},"fnMap":{"0":{"name":"(anonymous_0)","decl":{"start":{"line":3,"column":21},"end":{"line":3,"column":22}},"loc":{"start":{"line":3,"column":32},"end":{"line":13,"column":1}},"line":3}},"branchMap":{},"s":{"0":2,"1":6},"f":{"0":6},"b":{},"_coverageSchema":"1a1c01bbd47fc00a2c39e90264f33305004495a9","hash":"3382df4b40d88738d348e8eabd1e2d065911c1c9"}
}
